app/build/outputs/logs/manifest-merger-debug-report.txt
-- Merging decision tree log ---
manifest
ADDED from src/main/AndroidManifest.xml:1:1-41:12
	package
		ADDED from src/main/AndroidManifest.xml:2:5-39
		INJECTED from src/main/AndroidManifest.xml
		INJECTED from src/main/AndroidManifest.xml
	android:versionName
		INJECTED from src/main/AndroidManifest.xml
		INJECTED from src/main/AndroidManifest.xml
	xmlns:android
		ADDED from src/main/AndroidManifest.xml:1:11-69
	android:versionCode
		INJECTED from src/main/AndroidManifest.xml
		INJECTED from src/main/AndroidManifest.xml
uses-permission#android.permission.INTERNET
ADDED from src/main/AndroidManifest.xml:3:5-67
	android:name
		ADDED from src/main/AndroidManifest.xml:3:22-64
uses-permission#android.permission.CAMERA
ADDED from src/main/AndroidManifest.xml:4:5-65
	android:name
		ADDED from src/main/AndroidManifest.xml:4:22-62
uses-permission#android.permission.ACCESS_NETWORK_STATE
ADDED from src/main/AndroidManifest.xml:6:5-79
	android:name
		ADDED from src/main/AndroidManifest.xml:6:22-76
uses-permission#android.permission.VIBRATE
ADDED from src/main/AndroidManifest.xml:7:5-66
	android:name
		ADDED from src/main/AndroidManifest.xml:7:22-63
uses-permission#android.permission.READ_PHONE_STATE
ADDED from src/main/AndroidManifest.xml:8:5-74
	android:name
		ADDED from src/main/AndroidManifest.xml:8:22-72
uses-feature#android.hardware.camera.any
ADDED from src/main/AndroidManifest.xml:9:5-64
	android:name
		ADDED from src/main/AndroidManifest.xml:9:19-61
uses-feature#android.hardware.camera
ADDED from src/main/AndroidManifest.xml:10:5-84
	android:required
		ADDED from src/main/AndroidManifest.xml:10:58-81
	android:name
		ADDED from src/main/AndroidManifest.xml:10:19-57
uses-feature#android.hardware.camera.autofocus
ADDED from src/main/AndroidManifest.xml:11:5-94
	android:required
		ADDED from src/main/AndroidManifest.xml:11:68-91
	android:name
		ADDED from src/main/AndroidManifest.xml:11:19-67
uses-feature#0x00010100
ADDED from src/main/AndroidManifest.xml:12:5-54
	android:glEsVersion
		ADDED from src/main/AndroidManifest.xml:12:19-51
supports-screens
ADDED from src/main/AndroidManifest.xml:14:5-19:37
	android:largeScreens
		ADDED from src/main/AndroidManifest.xml:17:9-36
	android:smallScreens
		ADDED from src/main/AndroidManifest.xml:15:9-36
	android:normalScreens
		ADDED from src/main/AndroidManifest.xml:16:9-37
	android:xlargeScreens
		ADDED from src/main/AndroidManifest.xml:18:9-37
	android:anyDensity
		ADDED from src/main/AndroidManifest.xml:19:9-34
application
ADDED from src/main/AndroidManifest.xml:21:5-39:19
MERGED from [QRClassroomAndroidClient:base:unspecified] AndroidManifest.xml:11:5-14:19
MERGED from [com.android.support:appcompat-v7:23.1.1] AndroidManifest.xml:22:5-20
MERGED from [com.android.support:support-v4:23.1.1] AndroidManifest.xml:22:5-20
	android:label
		ADDED from src/main/AndroidManifest.xml:24:9-41
	android:supportsRtl
		ADDED from [QRClassroomAndroidClient:base:unspecified] AndroidManifest.xml:13:9-35
	android:allowBackup
		ADDED from src/main/AndroidManifest.xml:24:42-68
	android:icon
		ADDED from src/main/AndroidManifest.xml:23:9-38
	android:name
		ADDED from src/main/AndroidManifest.xml:22:9-77
activity#org.artoolkit.ar.samples.ARSimple.ARSimple
ADDED from src/main/AndroidManifest.xml:26:9-36:20
	android:label
		ADDED from src/main/AndroidManifest.xml:29:13-45
	android:configChanges
		ADDED from src/main/AndroidManifest.xml:28:13-74
	android:name
		ADDED from src/main/AndroidManifest.xml:27:13-70
intent-filter#android.intent.action.MAIN+android.intent.category.LAUNCHER
ADDED from src/main/AndroidManifest.xml:31:13-34:29
action#android.intent.action.MAIN
ADDED from src/main/AndroidManifest.xml:32:17-69
	android:name
		ADDED from src/main/AndroidManifest.xml:32:25-66
category#android.intent.category.LAUNCHER
ADDED from src/main/AndroidManifest.xml:33:17-77
	android:name
		ADDED from src/main/AndroidManifest.xml:33:27-74
activity#org.artoolkit.ar.base.camera.CameraPreferencesActivity
ADDED from src/main/AndroidManifest.xml:37:9-100
	android:name
		ADDED from src/main/AndroidManifest.xml:37:19-88
uses-sdk
INJECTED from src/main/AndroidManifest.xml reason: use-sdk injection requested
MERGED from [QRClassroomAndroidClient:base:unspecified] AndroidManifest.xml:7:5-9:41
MERGED from [com.android.support:appcompat-v7:23.1.1] AndroidManifest.xml:20:5-43
MERGED from [com.android.support:support-v4:23.1.1] AndroidManifest.xml:20:5-43
	android:targetSdkVersion
		INJECTED from src/main/AndroidManifest.xml
		INJECTED from src/main/AndroidManifest.xml
	android:minSdkVersion
		INJECTED from src/main/AndroidManifest.xml
		INJECTED from src/main/AndroidManifest.xml